 Verna-Migrate-24299 | XXX
 Middleby            | XXX

 Verna-Migrate-24251 | XXX
 Gusti-Migrate-9421  | XXX

 Verna-Migrate-24251 | XXX
 Gusti-Migrate-9421  | XXX

 Verna-Migrate-Correct | XXX

 WINC-Migrate-4066 | XXX

 HEDS-Migrate-32       | XXX
 Verna-Migrate-24251   | XXX
 Verna-Migrate-Correct | XXX

 Verna-Migrate-24251   | XXX
 Verna-Migrate-Correct | XXX

 Middleby            | XXX
 Verna-Migrate-24251 | XXX
 WINC-Migrate-4066   | XXX

 Middleby       | XXX

 Middleby       | XXX

 Middleby       | XXX

 HEDS-32        | XXX

 HEDS-32        | XXX

 HEDS-32        | XXX

 Clean Dishes   | XXX
 Middleby       | XXX

 Middleby       | XXX
 Testing_4      | XXX
                | XXX

 Middleby       | XXX
 Testing_4      | XXX
                | XXX

 MTS Migrate    | XXX
 MTS Mirgrate   | XXX

 Clean Dishes   | XXX
 Middleby       | XXX

 Clean Dishes   | XXX
 Middleby       | XXX

 HEDS-32        | XXX

 Middleby       | XXX
 Testing_4      | XXX
                | XXX

 MTS Migrate    | XXX

